TN:
SF:/Users/wangguojun/Desktop/7500/hardhat-tutorial/v3.0/contracts/BasicDutchAuction.sol
FN:19,constructor
FN:27,bid
FN:39,finalize
FN:47,refund
FN:56,getBlockNumber
FNF:5
FNH:4
FNDA:3,constructor
FNDA:39,bid
FNDA:7,finalize
FNDA:4,refund
FNDA:0,getBlockNumber
DA:20,3
DA:21,3
DA:22,3
DA:23,3
DA:24,3
DA:28,39
DA:29,38
DA:30,36
DA:31,8
DA:32,8
DA:33,8
DA:34,8
DA:40,7
DA:41,4
DA:42,3
DA:43,3
DA:44,3
DA:48,4
DA:49,3
DA:50,2
DA:51,2
DA:52,1
DA:53,1
DA:57,0
LF:24
LH:23
BRDA:28,1,0,38
BRDA:28,1,1,1
BRDA:29,2,0,36
BRDA:29,2,1,2
BRDA:30,3,0,8
BRDA:30,3,1,28
BRDA:40,4,0,4
BRDA:40,4,1,3
BRDA:41,5,0,3
BRDA:41,5,1,1
BRDA:42,6,0,3
BRDA:42,6,1,0
BRDA:48,7,0,3
BRDA:48,7,1,1
BRDA:49,8,0,2
BRDA:49,8,1,1
BRDA:51,9,0,1
BRDA:51,9,1,1
BRF:18
BRH:17
end_of_record
TN:
SF:/Users/wangguojun/Desktop/7500/hardhat-tutorial/v3.0/contracts/Lock.sol
FN:13,constructor
FN:23,withdraw
FNF:2
FNH:2
FNDA:4,constructor
FNDA:5,withdraw
DA:14,4
DA:19,3
DA:20,3
DA:27,5
DA:28,4
DA:30,3
DA:32,3
LF:7
LH:7
BRDA:14,1,0,3
BRDA:14,1,1,1
BRDA:27,2,0,4
BRDA:27,2,1,1
BRDA:28,3,0,3
BRDA:28,3,1,1
BRF:6
BRH:6
end_of_record
TN:
SF:/Users/wangguojun/Desktop/7500/hardhat-tutorial/v3.0/contracts/MyERC20.sol
FN:10,constructor
FN:14,balanceOf
FN:18,totalSupply
FN:22,transfer
FN:28,approve
FN:33,allowance
FN:37,transferFrom
FNF:7
FNH:0
FNDA:0,constructor
FNDA:0,balanceOf
FNDA:0,totalSupply
FNDA:0,transfer
FNDA:0,approve
FNDA:0,allowance
FNDA:0,transferFrom
DA:11,0
DA:12,0
DA:15,0
DA:19,0
DA:23,0
DA:24,0
DA:25,0
DA:29,0
DA:30,0
DA:34,0
DA:38,0
DA:39,0
DA:40,0
DA:41,0
LF:14
LH:0
BRF:0
BRH:0
end_of_record
TN:
SF:/Users/wangguojun/Desktop/7500/hardhat-tutorial/v3.0/contracts/MyERC721.sol
FN:7,constructor
FN:11,pubmint
FNF:2
FNH:2
FNDA:3,constructor
FNDA:6,pubmint
DA:12,6
LF:1
LH:1
BRF:0
BRH:0
end_of_record
TN:
SF:/Users/wangguojun/Desktop/7500/hardhat-tutorial/v3.0/contracts/NFTDutchAuction_ERC20Bids.sol
FN:31,constructor
FN:47,bid
FN:60,finalize
FN:71,refund
FNF:4
FNH:4
FNDA:3,constructor
FNDA:6,bid
FNDA:2,finalize
FNDA:2,refund
DA:37,3
DA:38,3
DA:39,3
DA:40,3
DA:41,3
DA:42,3
DA:43,3
DA:44,3
DA:48,6
DA:49,5
DA:50,5
DA:51,4
DA:52,4
DA:53,4
DA:54,4
DA:55,4
DA:56,4
DA:61,2
DA:62,1
DA:63,1
DA:64,1
DA:66,1
DA:72,2
DA:73,1
DA:74,1
DA:75,1
DA:76,0
DA:77,0
LF:28
LH:26
BRDA:48,1,0,5
BRDA:48,1,1,1
BRDA:49,2,0,5
BRDA:49,2,1,0
BRDA:50,3,0,4
BRDA:50,3,1,1
BRDA:51,4,0,4
BRDA:51,4,1,0
BRDA:61,5,0,1
BRDA:61,5,1,1
BRDA:62,6,0,1
BRDA:62,6,1,0
BRDA:63,7,0,1
BRDA:63,7,1,0
BRDA:72,8,0,1
BRDA:72,8,1,1
BRDA:73,9,0,1
BRDA:73,9,1,0
BRDA:75,10,0,0
BRDA:75,10,1,1
BRF:20
BRH:14
end_of_record
TN:
SF:/Users/wangguojun/Desktop/7500/hardhat-tutorial/v3.0/contracts/NFTDutchAuction.sol
FN:46,initialize
FN:58,bid
FN:69,finalize
FN:78,refund
FNF:4
FNH:4
FNDA:1,initialize
FNDA:39,bid
FNDA:7,finalize
FNDA:4,refund
DA:47,1
DA:48,1
DA:49,1
DA:50,1
DA:51,1
DA:52,1
DA:53,1
DA:54,1
DA:55,1
DA:59,39
DA:60,38
DA:61,36
DA:62,8
DA:63,8
DA:64,8
DA:65,8
DA:70,7
DA:71,4
DA:72,3
DA:73,3
DA:74,3
DA:75,3
DA:79,4
DA:80,3
DA:81,2
DA:82,2
DA:83,1
DA:84,1
LF:28
LH:28
BRDA:59,1,0,38
BRDA:59,1,1,1
BRDA:60,2,0,36
BRDA:60,2,1,2
BRDA:61,3,0,8
BRDA:61,3,1,28
BRDA:70,4,0,4
BRDA:70,4,1,3
BRDA:71,5,0,3
BRDA:71,5,1,1
BRDA:72,6,0,3
BRDA:72,6,1,0
BRDA:79,7,0,3
BRDA:79,7,1,1
BRDA:80,8,0,2
BRDA:80,8,1,1
BRDA:82,9,0,1
BRDA:82,9,1,1
BRF:18
BRH:17
end_of_record
TN:
SF:/Users/wangguojun/Desktop/7500/hardhat-tutorial/v3.0/contracts/OfficalERC20.sol
FN:5,constructor
FN:7,pubmint
FNF:2
FNH:2
FNDA:3,constructor
FNDA:6,pubmint
DA:8,6
LF:1
LH:1
BRF:0
BRH:0
end_of_record
