{"contracts/BasicDutchAuction.sol":{"l":{"20":3,"21":3,"22":3,"23":3,"24":3,"28":39,"29":38,"30":36,"31":8,"32":8,"33":8,"34":8,"40":7,"41":4,"42":3,"43":3,"44":3,"48":4,"49":3,"50":2,"51":2,"52":1,"53":1,"57":0},"path":"/Users/wangguojun/Desktop/7500/hardhat-tutorial/contracts/BasicDutchAuction.sol","s":{"1":39,"2":38,"3":36,"4":8,"5":7,"6":4,"7":3,"8":3,"9":4,"10":3,"11":2,"12":2,"13":1,"14":0},"b":{"1":[38,1],"2":[36,2],"3":[8,28],"4":[4,3],"5":[3,1],"6":[3,0],"7":[3,1],"8":[2,1],"9":[1,1]},"f":{"1":3,"2":39,"3":7,"4":4,"5":0},"fnMap":{"1":{"name":"constructor","line":19,"loc":{"start":{"line":19,"column":4},"end":{"line":25,"column":4}}},"2":{"name":"bid","line":27,"loc":{"start":{"line":27,"column":4},"end":{"line":37,"column":4}}},"3":{"name":"finalize","line":39,"loc":{"start":{"line":39,"column":4},"end":{"line":45,"column":4}}},"4":{"name":"refund","line":47,"loc":{"start":{"line":47,"column":4},"end":{"line":54,"column":4}}},"5":{"name":"getBlockNumber","line":56,"loc":{"start":{"line":56,"column":4},"end":{"line":58,"column":4}}}},"statementMap":{"1":{"start":{"line":28,"column":8},"end":{"line":28,"column":59}},"2":{"start":{"line":29,"column":8},"end":{"line":29,"column":93}},"3":{"start":{"line":30,"column":8},"end":{"line":30,"column":165}},"4":{"start":{"line":34,"column":8},"end":{"line":34,"column":28}},"5":{"start":{"line":40,"column":8},"end":{"line":40,"column":50}},"6":{"start":{"line":41,"column":8},"end":{"line":41,"column":55}},"7":{"start":{"line":42,"column":8},"end":{"line":42,"column":91}},"8":{"start":{"line":44,"column":8},"end":{"line":44,"column":40}},"9":{"start":{"line":48,"column":8},"end":{"line":48,"column":50}},"10":{"start":{"line":49,"column":8},"end":{"line":49,"column":53}},"11":{"start":{"line":50,"column":8},"end":{"line":50,"column":35}},"12":{"start":{"line":51,"column":8},"end":{"line":51,"column":66}},"13":{"start":{"line":53,"column":8},"end":{"line":53,"column":43}},"14":{"start":{"line":57,"column":8},"end":{"line":57,"column":27}}},"branchMap":{"1":{"line":28,"type":"if","locations":[{"start":{"line":28,"column":8},"end":{"line":28,"column":8}},{"start":{"line":28,"column":8},"end":{"line":28,"column":8}}]},"2":{"line":29,"type":"if","locations":[{"start":{"line":29,"column":8},"end":{"line":29,"column":8}},{"start":{"line":29,"column":8},"end":{"line":29,"column":8}}]},"3":{"line":30,"type":"if","locations":[{"start":{"line":30,"column":8},"end":{"line":30,"column":8}},{"start":{"line":30,"column":8},"end":{"line":30,"column":8}}]},"4":{"line":40,"type":"if","locations":[{"start":{"line":40,"column":8},"end":{"line":40,"column":8}},{"start":{"line":40,"column":8},"end":{"line":40,"column":8}}]},"5":{"line":41,"type":"if","locations":[{"start":{"line":41,"column":8},"end":{"line":41,"column":8}},{"start":{"line":41,"column":8},"end":{"line":41,"column":8}}]},"6":{"line":42,"type":"if","locations":[{"start":{"line":42,"column":8},"end":{"line":42,"column":8}},{"start":{"line":42,"column":8},"end":{"line":42,"column":8}}]},"7":{"line":48,"type":"if","locations":[{"start":{"line":48,"column":8},"end":{"line":48,"column":8}},{"start":{"line":48,"column":8},"end":{"line":48,"column":8}}]},"8":{"line":49,"type":"if","locations":[{"start":{"line":49,"column":8},"end":{"line":49,"column":8}},{"start":{"line":49,"column":8},"end":{"line":49,"column":8}}]},"9":{"line":51,"type":"if","locations":[{"start":{"line":51,"column":8},"end":{"line":51,"column":8}},{"start":{"line":51,"column":8},"end":{"line":51,"column":8}}]}}},"contracts/Lock.sol":{"l":{"14":4,"19":3,"20":3,"27":5,"28":4,"30":3,"32":3},"path":"/Users/wangguojun/Desktop/7500/hardhat-tutorial/contracts/Lock.sol","s":{"1":4,"2":5,"3":4,"4":3,"5":3},"b":{"1":[3,1],"2":[4,1],"3":[3,1]},"f":{"1":4,"2":5},"fnMap":{"1":{"name":"constructor","line":13,"loc":{"start":{"line":13,"column":4},"end":{"line":21,"column":4}}},"2":{"name":"withdraw","line":23,"loc":{"start":{"line":23,"column":4},"end":{"line":33,"column":4}}}},"statementMap":{"1":{"start":{"line":14,"column":8},"end":{"line":14,"column":327}},"2":{"start":{"line":27,"column":8},"end":{"line":27,"column":71}},"3":{"start":{"line":28,"column":8},"end":{"line":28,"column":59}},"4":{"start":{"line":30,"column":8},"end":{"line":30,"column":63}},"5":{"start":{"line":32,"column":8},"end":{"line":32,"column":44}}},"branchMap":{"1":{"line":14,"type":"if","locations":[{"start":{"line":14,"column":8},"end":{"line":14,"column":8}},{"start":{"line":14,"column":8},"end":{"line":14,"column":8}}]},"2":{"line":27,"type":"if","locations":[{"start":{"line":27,"column":8},"end":{"line":27,"column":8}},{"start":{"line":27,"column":8},"end":{"line":27,"column":8}}]},"3":{"line":28,"type":"if","locations":[{"start":{"line":28,"column":8},"end":{"line":28,"column":8}},{"start":{"line":28,"column":8},"end":{"line":28,"column":8}}]}}}}