{"contracts/BasicDutchAuction.sol":{"l":{"20":3,"21":3,"22":3,"23":3,"24":3,"28":39,"29":38,"30":36,"31":8,"32":8,"33":8,"34":8,"40":7,"41":4,"42":3,"43":3,"44":3,"48":4,"49":3,"50":2,"51":2,"52":1,"53":1,"57":0},"path":"/Users/wangguojun/Desktop/7500/hardhat-tutorial/v3.0/contracts/BasicDutchAuction.sol","s":{"1":3,"2":3,"3":3,"4":3,"5":3,"6":39,"7":38,"8":36,"9":8,"10":8,"11":8,"12":8,"13":7,"14":4,"15":3,"16":3,"17":3,"18":4,"19":3,"20":2,"21":2,"22":1,"23":1,"24":0},"b":{"1":[38,1],"2":[36,2],"3":[8,28],"4":[4,3],"5":[3,1],"6":[3,0],"7":[3,1],"8":[2,1],"9":[1,1]},"f":{"1":3,"2":39,"3":7,"4":4,"5":0},"fnMap":{"1":{"name":"constructor","line":19,"loc":{"start":{"line":19,"column":4},"end":{"line":25,"column":4}}},"2":{"name":"bid","line":27,"loc":{"start":{"line":27,"column":4},"end":{"line":37,"column":4}}},"3":{"name":"finalize","line":39,"loc":{"start":{"line":39,"column":4},"end":{"line":45,"column":4}}},"4":{"name":"refund","line":47,"loc":{"start":{"line":47,"column":4},"end":{"line":54,"column":4}}},"5":{"name":"getBlockNumber","line":56,"loc":{"start":{"line":56,"column":4},"end":{"line":58,"column":4}}}},"statementMap":{"1":{"start":{"line":20,"column":8},"end":{"line":20,"column":35}},"2":{"start":{"line":21,"column":8},"end":{"line":21,"column":50}},"3":{"start":{"line":22,"column":8},"end":{"line":22,"column":49}},"4":{"start":{"line":23,"column":8},"end":{"line":23,"column":41}},"5":{"start":{"line":24,"column":8},"end":{"line":24,"column":38}},"6":{"start":{"line":28,"column":8},"end":{"line":28,"column":59}},"7":{"start":{"line":29,"column":8},"end":{"line":29,"column":93}},"8":{"start":{"line":30,"column":8},"end":{"line":30,"column":165}},"9":{"start":{"line":31,"column":8},"end":{"line":31,"column":24}},"10":{"start":{"line":32,"column":8},"end":{"line":32,"column":42}},"11":{"start":{"line":33,"column":8},"end":{"line":33,"column":29}},"12":{"start":{"line":34,"column":8},"end":{"line":34,"column":28}},"13":{"start":{"line":40,"column":8},"end":{"line":40,"column":50}},"14":{"start":{"line":41,"column":8},"end":{"line":41,"column":55}},"15":{"start":{"line":42,"column":8},"end":{"line":42,"column":91}},"16":{"start":{"line":43,"column":8},"end":{"line":43,"column":23}},"17":{"start":{"line":44,"column":8},"end":{"line":44,"column":40}},"18":{"start":{"line":48,"column":8},"end":{"line":48,"column":50}},"19":{"start":{"line":49,"column":8},"end":{"line":49,"column":53}},"20":{"start":{"line":50,"column":8},"end":{"line":50,"column":35}},"21":{"start":{"line":51,"column":8},"end":{"line":51,"column":66}},"22":{"start":{"line":52,"column":8},"end":{"line":52,"column":23}},"23":{"start":{"line":53,"column":8},"end":{"line":53,"column":43}},"24":{"start":{"line":57,"column":8},"end":{"line":57,"column":27}}},"branchMap":{"1":{"line":28,"type":"if","locations":[{"start":{"line":28,"column":8},"end":{"line":28,"column":8}},{"start":{"line":28,"column":8},"end":{"line":28,"column":8}}]},"2":{"line":29,"type":"if","locations":[{"start":{"line":29,"column":8},"end":{"line":29,"column":8}},{"start":{"line":29,"column":8},"end":{"line":29,"column":8}}]},"3":{"line":30,"type":"if","locations":[{"start":{"line":30,"column":8},"end":{"line":30,"column":8}},{"start":{"line":30,"column":8},"end":{"line":30,"column":8}}]},"4":{"line":40,"type":"if","locations":[{"start":{"line":40,"column":8},"end":{"line":40,"column":8}},{"start":{"line":40,"column":8},"end":{"line":40,"column":8}}]},"5":{"line":41,"type":"if","locations":[{"start":{"line":41,"column":8},"end":{"line":41,"column":8}},{"start":{"line":41,"column":8},"end":{"line":41,"column":8}}]},"6":{"line":42,"type":"if","locations":[{"start":{"line":42,"column":8},"end":{"line":42,"column":8}},{"start":{"line":42,"column":8},"end":{"line":42,"column":8}}]},"7":{"line":48,"type":"if","locations":[{"start":{"line":48,"column":8},"end":{"line":48,"column":8}},{"start":{"line":48,"column":8},"end":{"line":48,"column":8}}]},"8":{"line":49,"type":"if","locations":[{"start":{"line":49,"column":8},"end":{"line":49,"column":8}},{"start":{"line":49,"column":8},"end":{"line":49,"column":8}}]},"9":{"line":51,"type":"if","locations":[{"start":{"line":51,"column":8},"end":{"line":51,"column":8}},{"start":{"line":51,"column":8},"end":{"line":51,"column":8}}]}}},"contracts/Lock.sol":{"l":{"14":4,"19":3,"20":3,"27":5,"28":4,"30":3,"32":3},"path":"/Users/wangguojun/Desktop/7500/hardhat-tutorial/v3.0/contracts/Lock.sol","s":{"1":4,"2":3,"3":3,"4":5,"5":4,"6":3,"7":3},"b":{"1":[3,1],"2":[4,1],"3":[3,1]},"f":{"1":4,"2":5},"fnMap":{"1":{"name":"constructor","line":13,"loc":{"start":{"line":13,"column":4},"end":{"line":21,"column":4}}},"2":{"name":"withdraw","line":23,"loc":{"start":{"line":23,"column":4},"end":{"line":33,"column":4}}}},"statementMap":{"1":{"start":{"line":14,"column":8},"end":{"line":14,"column":327}},"2":{"start":{"line":19,"column":8},"end":{"line":19,"column":31}},"3":{"start":{"line":20,"column":8},"end":{"line":20,"column":34}},"4":{"start":{"line":27,"column":8},"end":{"line":27,"column":71}},"5":{"start":{"line":28,"column":8},"end":{"line":28,"column":59}},"6":{"start":{"line":30,"column":8},"end":{"line":30,"column":63}},"7":{"start":{"line":32,"column":8},"end":{"line":32,"column":44}}},"branchMap":{"1":{"line":14,"type":"if","locations":[{"start":{"line":14,"column":8},"end":{"line":14,"column":8}},{"start":{"line":14,"column":8},"end":{"line":14,"column":8}}]},"2":{"line":27,"type":"if","locations":[{"start":{"line":27,"column":8},"end":{"line":27,"column":8}},{"start":{"line":27,"column":8},"end":{"line":27,"column":8}}]},"3":{"line":28,"type":"if","locations":[{"start":{"line":28,"column":8},"end":{"line":28,"column":8}},{"start":{"line":28,"column":8},"end":{"line":28,"column":8}}]}}},"contracts/MyERC20.sol":{"l":{"11":0,"12":0,"15":0,"19":0,"23":0,"24":0,"25":0,"29":0,"30":0,"34":0,"38":0,"39":0,"40":0,"41":0},"path":"/Users/wangguojun/Desktop/7500/hardhat-tutorial/v3.0/contracts/MyERC20.sol","s":{"1":0,"2":0,"3":0,"4":0,"5":0,"6":0,"7":0,"8":0,"9":0,"10":0,"11":0,"12":0,"13":0,"14":0},"b":{},"f":{"1":0,"2":0,"3":0,"4":0,"5":0,"6":0,"7":0},"fnMap":{"1":{"name":"constructor","line":10,"loc":{"start":{"line":10,"column":4},"end":{"line":13,"column":4}}},"2":{"name":"balanceOf","line":14,"loc":{"start":{"line":14,"column":4},"end":{"line":16,"column":4}}},"3":{"name":"totalSupply","line":18,"loc":{"start":{"line":18,"column":4},"end":{"line":20,"column":4}}},"4":{"name":"transfer","line":22,"loc":{"start":{"line":22,"column":4},"end":{"line":26,"column":4}}},"5":{"name":"approve","line":28,"loc":{"start":{"line":28,"column":4},"end":{"line":31,"column":4}}},"6":{"name":"allowance","line":33,"loc":{"start":{"line":33,"column":4},"end":{"line":35,"column":4}}},"7":{"name":"transferFrom","line":37,"loc":{"start":{"line":37,"column":4},"end":{"line":42,"column":4}}}},"statementMap":{"1":{"start":{"line":11,"column":8},"end":{"line":11,"column":23}},"2":{"start":{"line":12,"column":8},"end":{"line":12,"column":36}},"3":{"start":{"line":15,"column":8},"end":{"line":15,"column":31}},"4":{"start":{"line":19,"column":8},"end":{"line":19,"column":21}},"5":{"start":{"line":23,"column":8},"end":{"line":23,"column":59}},"6":{"start":{"line":24,"column":8},"end":{"line":24,"column":45}},"7":{"start":{"line":25,"column":8},"end":{"line":25,"column":19}},"8":{"start":{"line":29,"column":8},"end":{"line":29,"column":47}},"9":{"start":{"line":30,"column":8},"end":{"line":30,"column":19}},"10":{"start":{"line":34,"column":8},"end":{"line":34,"column":41}},"11":{"start":{"line":38,"column":8},"end":{"line":38,"column":46}},"12":{"start":{"line":39,"column":8},"end":{"line":39,"column":49}},"13":{"start":{"line":40,"column":8},"end":{"line":40,"column":45}},"14":{"start":{"line":41,"column":8},"end":{"line":41,"column":19}}},"branchMap":{}},"contracts/MyERC721.sol":{"l":{"12":6},"path":"/Users/wangguojun/Desktop/7500/hardhat-tutorial/v3.0/contracts/MyERC721.sol","s":{"1":6},"b":{},"f":{"1":3,"2":6},"fnMap":{"1":{"name":"constructor","line":7,"loc":{"start":{"line":7,"column":4},"end":{"line":9,"column":4}}},"2":{"name":"pubmint","line":11,"loc":{"start":{"line":11,"column":4},"end":{"line":13,"column":4}}}},"statementMap":{"1":{"start":{"line":12,"column":8},"end":{"line":12,"column":25}}},"branchMap":{}},"contracts/NFTDutchAuction_ERC20Bids.sol":{"l":{"37":3,"38":3,"39":3,"40":3,"41":3,"42":3,"43":3,"44":3,"48":6,"49":5,"50":5,"51":4,"52":4,"53":4,"54":4,"55":4,"56":4,"61":2,"62":1,"63":1,"64":1,"66":1,"68":1,"72":2,"73":1,"74":1,"75":1,"76":0,"78":0},"path":"/Users/wangguojun/Desktop/7500/hardhat-tutorial/v3.0/contracts/NFTDutchAuction_ERC20Bids.sol","s":{"1":3,"2":3,"3":3,"4":3,"5":3,"6":3,"7":3,"8":3,"9":6,"10":5,"11":5,"12":4,"13":4,"14":4,"15":4,"16":4,"17":4,"18":2,"19":1,"20":1,"21":1,"22":1,"23":1,"24":2,"25":1,"26":1,"27":1,"28":0,"29":0},"b":{"1":[5,1],"2":[5,0],"3":[4,1],"4":[4,0],"5":[1,1],"6":[1,0],"7":[1,0],"8":[1,1],"9":[1,0],"10":[0,1]},"f":{"1":3,"2":6,"3":2,"4":2},"fnMap":{"1":{"name":"constructor","line":31,"loc":{"start":{"line":31,"column":4},"end":{"line":45,"column":4}}},"2":{"name":"bid","line":47,"loc":{"start":{"line":47,"column":4},"end":{"line":59,"column":4}}},"3":{"name":"finalize","line":60,"loc":{"start":{"line":60,"column":4},"end":{"line":69,"column":4}}},"4":{"name":"refund","line":71,"loc":{"start":{"line":71,"column":4},"end":{"line":80,"column":4}}}},"statementMap":{"1":{"start":{"line":37,"column":8},"end":{"line":37,"column":35}},"2":{"start":{"line":38,"column":8},"end":{"line":38,"column":50}},"3":{"start":{"line":39,"column":8},"end":{"line":39,"column":49}},"4":{"start":{"line":40,"column":8},"end":{"line":40,"column":41}},"5":{"start":{"line":41,"column":8},"end":{"line":41,"column":38}},"6":{"start":{"line":42,"column":8},"end":{"line":42,"column":31}},"7":{"start":{"line":43,"column":8},"end":{"line":43,"column":44}},"8":{"start":{"line":44,"column":8},"end":{"line":44,"column":35}},"9":{"start":{"line":48,"column":8},"end":{"line":48,"column":59}},"10":{"start":{"line":49,"column":8},"end":{"line":49,"column":93}},"11":{"start":{"line":50,"column":8},"end":{"line":50,"column":165}},"12":{"start":{"line":51,"column":8},"end":{"line":51,"column":87}},"13":{"start":{"line":52,"column":8},"end":{"line":52,"column":24}},"14":{"start":{"line":53,"column":8},"end":{"line":53,"column":42}},"15":{"start":{"line":54,"column":8},"end":{"line":54,"column":29}},"16":{"start":{"line":55,"column":8},"end":{"line":55,"column":70}},"17":{"start":{"line":56,"column":8},"end":{"line":56,"column":28}},"18":{"start":{"line":61,"column":8},"end":{"line":61,"column":50}},"19":{"start":{"line":62,"column":8},"end":{"line":62,"column":55}},"20":{"start":{"line":63,"column":8},"end":{"line":63,"column":91}},"21":{"start":{"line":64,"column":8},"end":{"line":64,"column":23}},"22":{"start":{"line":66,"column":8},"end":{"line":66,"column":53}},"23":{"start":{"line":68,"column":8},"end":{"line":68,"column":74}},"24":{"start":{"line":72,"column":8},"end":{"line":72,"column":50}},"25":{"start":{"line":73,"column":8},"end":{"line":73,"column":53}},"26":{"start":{"line":74,"column":8},"end":{"line":74,"column":35}},"27":{"start":{"line":75,"column":8},"end":{"line":75,"column":66}},"28":{"start":{"line":76,"column":8},"end":{"line":76,"column":23}},"29":{"start":{"line":78,"column":8},"end":{"line":78,"column":53}}},"branchMap":{"1":{"line":48,"type":"if","locations":[{"start":{"line":48,"column":8},"end":{"line":48,"column":8}},{"start":{"line":48,"column":8},"end":{"line":48,"column":8}}]},"2":{"line":49,"type":"if","locations":[{"start":{"line":49,"column":8},"end":{"line":49,"column":8}},{"start":{"line":49,"column":8},"end":{"line":49,"column":8}}]},"3":{"line":50,"type":"if","locations":[{"start":{"line":50,"column":8},"end":{"line":50,"column":8}},{"start":{"line":50,"column":8},"end":{"line":50,"column":8}}]},"4":{"line":51,"type":"if","locations":[{"start":{"line":51,"column":8},"end":{"line":51,"column":8}},{"start":{"line":51,"column":8},"end":{"line":51,"column":8}}]},"5":{"line":61,"type":"if","locations":[{"start":{"line":61,"column":8},"end":{"line":61,"column":8}},{"start":{"line":61,"column":8},"end":{"line":61,"column":8}}]},"6":{"line":62,"type":"if","locations":[{"start":{"line":62,"column":8},"end":{"line":62,"column":8}},{"start":{"line":62,"column":8},"end":{"line":62,"column":8}}]},"7":{"line":63,"type":"if","locations":[{"start":{"line":63,"column":8},"end":{"line":63,"column":8}},{"start":{"line":63,"column":8},"end":{"line":63,"column":8}}]},"8":{"line":72,"type":"if","locations":[{"start":{"line":72,"column":8},"end":{"line":72,"column":8}},{"start":{"line":72,"column":8},"end":{"line":72,"column":8}}]},"9":{"line":73,"type":"if","locations":[{"start":{"line":73,"column":8},"end":{"line":73,"column":8}},{"start":{"line":73,"column":8},"end":{"line":73,"column":8}}]},"10":{"line":75,"type":"if","locations":[{"start":{"line":75,"column":8},"end":{"line":75,"column":8}},{"start":{"line":75,"column":8},"end":{"line":75,"column":8}}]}}},"contracts/NFTDutchAuction.sol":{"l":{"47":1,"48":1,"49":1,"50":1,"51":1,"52":1,"53":1,"54":1,"55":1,"59":39,"60":38,"61":36,"62":8,"63":8,"64":8,"65":8,"70":7,"71":4,"72":3,"73":3,"74":3,"75":3,"79":4,"80":3,"81":2,"82":2,"83":1,"84":1},"path":"/Users/wangguojun/Desktop/7500/hardhat-tutorial/v3.0/contracts/NFTDutchAuction.sol","s":{"1":1,"2":1,"3":1,"4":1,"5":1,"6":1,"7":1,"8":1,"9":1,"10":39,"11":38,"12":36,"13":8,"14":8,"15":8,"16":8,"17":7,"18":4,"19":3,"20":3,"21":3,"22":3,"23":4,"24":3,"25":2,"26":2,"27":1,"28":1},"b":{"1":[38,1],"2":[36,2],"3":[8,28],"4":[4,3],"5":[3,1],"6":[3,0],"7":[3,1],"8":[2,1],"9":[1,1]},"f":{"1":1,"2":39,"3":7,"4":4},"fnMap":{"1":{"name":"initialize","line":46,"loc":{"start":{"line":42,"column":4},"end":{"line":56,"column":4}}},"2":{"name":"bid","line":58,"loc":{"start":{"line":58,"column":4},"end":{"line":68,"column":4}}},"3":{"name":"finalize","line":69,"loc":{"start":{"line":69,"column":4},"end":{"line":76,"column":4}}},"4":{"name":"refund","line":78,"loc":{"start":{"line":78,"column":4},"end":{"line":85,"column":4}}}},"statementMap":{"1":{"start":{"line":47,"column":8},"end":{"line":47,"column":45}},"2":{"start":{"line":48,"column":8},"end":{"line":48,"column":35}},"3":{"start":{"line":49,"column":8},"end":{"line":49,"column":50}},"4":{"start":{"line":50,"column":8},"end":{"line":50,"column":49}},"5":{"start":{"line":51,"column":8},"end":{"line":51,"column":41}},"6":{"start":{"line":52,"column":8},"end":{"line":52,"column":38}},"7":{"start":{"line":53,"column":8},"end":{"line":53,"column":31}},"8":{"start":{"line":54,"column":8},"end":{"line":54,"column":47}},"9":{"start":{"line":55,"column":8},"end":{"line":55,"column":43}},"10":{"start":{"line":59,"column":8},"end":{"line":59,"column":59}},"11":{"start":{"line":60,"column":8},"end":{"line":60,"column":93}},"12":{"start":{"line":61,"column":8},"end":{"line":61,"column":165}},"13":{"start":{"line":62,"column":8},"end":{"line":62,"column":24}},"14":{"start":{"line":63,"column":8},"end":{"line":63,"column":42}},"15":{"start":{"line":64,"column":8},"end":{"line":64,"column":29}},"16":{"start":{"line":65,"column":8},"end":{"line":65,"column":28}},"17":{"start":{"line":70,"column":8},"end":{"line":70,"column":50}},"18":{"start":{"line":71,"column":8},"end":{"line":71,"column":55}},"19":{"start":{"line":72,"column":8},"end":{"line":72,"column":91}},"20":{"start":{"line":73,"column":8},"end":{"line":73,"column":23}},"21":{"start":{"line":74,"column":8},"end":{"line":74,"column":40}},"22":{"start":{"line":75,"column":8},"end":{"line":75,"column":66}},"23":{"start":{"line":79,"column":8},"end":{"line":79,"column":50}},"24":{"start":{"line":80,"column":8},"end":{"line":80,"column":53}},"25":{"start":{"line":81,"column":8},"end":{"line":81,"column":35}},"26":{"start":{"line":82,"column":8},"end":{"line":82,"column":66}},"27":{"start":{"line":83,"column":8},"end":{"line":83,"column":23}},"28":{"start":{"line":84,"column":8},"end":{"line":84,"column":43}}},"branchMap":{"1":{"line":59,"type":"if","locations":[{"start":{"line":59,"column":8},"end":{"line":59,"column":8}},{"start":{"line":59,"column":8},"end":{"line":59,"column":8}}]},"2":{"line":60,"type":"if","locations":[{"start":{"line":60,"column":8},"end":{"line":60,"column":8}},{"start":{"line":60,"column":8},"end":{"line":60,"column":8}}]},"3":{"line":61,"type":"if","locations":[{"start":{"line":61,"column":8},"end":{"line":61,"column":8}},{"start":{"line":61,"column":8},"end":{"line":61,"column":8}}]},"4":{"line":70,"type":"if","locations":[{"start":{"line":70,"column":8},"end":{"line":70,"column":8}},{"start":{"line":70,"column":8},"end":{"line":70,"column":8}}]},"5":{"line":71,"type":"if","locations":[{"start":{"line":71,"column":8},"end":{"line":71,"column":8}},{"start":{"line":71,"column":8},"end":{"line":71,"column":8}}]},"6":{"line":72,"type":"if","locations":[{"start":{"line":72,"column":8},"end":{"line":72,"column":8}},{"start":{"line":72,"column":8},"end":{"line":72,"column":8}}]},"7":{"line":79,"type":"if","locations":[{"start":{"line":79,"column":8},"end":{"line":79,"column":8}},{"start":{"line":79,"column":8},"end":{"line":79,"column":8}}]},"8":{"line":80,"type":"if","locations":[{"start":{"line":80,"column":8},"end":{"line":80,"column":8}},{"start":{"line":80,"column":8},"end":{"line":80,"column":8}}]},"9":{"line":82,"type":"if","locations":[{"start":{"line":82,"column":8},"end":{"line":82,"column":8}},{"start":{"line":82,"column":8},"end":{"line":82,"column":8}}]}}},"contracts/OfficalERC20.sol":{"l":{"8":6},"path":"/Users/wangguojun/Desktop/7500/hardhat-tutorial/v3.0/contracts/OfficalERC20.sol","s":{"1":6},"b":{},"f":{"1":3,"2":6},"fnMap":{"1":{"name":"constructor","line":5,"loc":{"start":{"line":5,"column":4},"end":{"line":5,"column":37}}},"2":{"name":"pubmint","line":7,"loc":{"start":{"line":7,"column":4},"end":{"line":9,"column":4}}}},"statementMap":{"1":{"start":{"line":8,"column":8},"end":{"line":8,"column":29}}},"branchMap":{}}}