{
"contracts/BasicDutchAuction.sol":{"l":{"20":3,"21":3,"22":3,"23":3,"24":3,"28":39,"29":38,"30":36,"31":8,"32":8,"33":8,"34":8,"40":7,"41":4,"42":3,"43":3,"44":3,"48":4,"49":3,"50":2,"51":2,"52":1,"53":1,"57":0},"path":"/Users/wangguojun/Desktop/7500/hardhat-tutorial/v2.0/contracts/BasicDutchAuction.sol","s":{"1":3,"2":3,"3":3,"4":3,"5":3,"6":39,"7":38,"8":36,"9":8,"10":8,"11":8,"12":8,"13":7,"14":4,"15":3,"16":3,"17":3,"18":4,"19":3,"20":2,"21":2,"22":1,"23":1,"24":0},"b":{"1":[38,1],"2":[36,2],"3":[8,28],"4":[4,3],"5":[3,1],"6":[3,0],"7":[3,1],"8":[2,1],"9":[1,1]},"f":{"1":3,"2":39,"3":7,"4":4,"5":0},"fnMap":{"1":{"name":"constructor","line":19,"loc":{"start":{"line":19,"column":4},"end":{"line":25,"column":4}}},"2":{"name":"bid","line":27,"loc":{"start":{"line":27,"column":4},"end":{"line":37,"column":4}}},"3":{"name":"finalize","line":39,"loc":{"start":{"line":39,"column":4},"end":{"line":45,"column":4}}},"4":{"name":"refund","line":47,"loc":{"start":{"line":47,"column":4},"end":{"line":54,"column":4}}},"5":{"name":"getBlockNumber","line":56,"loc":{"start":{"line":56,"column":4},"end":{"line":58,"column":4}}}},"statementMap":{"1":{"start":{"line":20,"column":8},"end":{"line":20,"column":35}},"2":{"start":{"line":21,"column":8},"end":{"line":21,"column":50}},"3":{"start":{"line":22,"column":8},"end":{"line":22,"column":49}},"4":{"start":{"line":23,"column":8},"end":{"line":23,"column":41}},"5":{"start":{"line":24,"column":8},"end":{"line":24,"column":38}},"6":{"start":{"line":28,"column":8},"end":{"line":28,"column":59}},"7":{"start":{"line":29,"column":8},"end":{"line":29,"column":93}},"8":{"start":{"line":30,"column":8},"end":{"line":30,"column":165}},"9":{"start":{"line":31,"column":8},"end":{"line":31,"column":24}},"10":{"start":{"line":32,"column":8},"end":{"line":32,"column":42}},"11":{"start":{"line":33,"column":8},"end":{"line":33,"column":29}},"12":{"start":{"line":34,"column":8},"end":{"line":34,"column":28}},"13":{"start":{"line":40,"column":8},"end":{"line":40,"column":50}},"14":{"start":{"line":41,"column":8},"end":{"line":41,"column":55}},"15":{"start":{"line":42,"column":8},"end":{"line":42,"column":91}},"16":{"start":{"line":43,"column":8},"end":{"line":43,"column":23}},"17":{"start":{"line":44,"column":8},"end":{"line":44,"column":40}},"18":{"start":{"line":48,"column":8},"end":{"line":48,"column":50}},"19":{"start":{"line":49,"column":8},"end":{"line":49,"column":53}},"20":{"start":{"line":50,"column":8},"end":{"line":50,"column":35}},"21":{"start":{"line":51,"column":8},"end":{"line":51,"column":66}},"22":{"start":{"line":52,"column":8},"end":{"line":52,"column":23}},"23":{"start":{"line":53,"column":8},"end":{"line":53,"column":43}},"24":{"start":{"line":57,"column":8},"end":{"line":57,"column":27}}},"branchMap":{"1":{"line":28,"type":"if","locations":[{"start":{"line":28,"column":8},"end":{"line":28,"column":8}},{"start":{"line":28,"column":8},"end":{"line":28,"column":8}}]},"2":{"line":29,"type":"if","locations":[{"start":{"line":29,"column":8},"end":{"line":29,"column":8}},{"start":{"line":29,"column":8},"end":{"line":29,"column":8}}]},"3":{"line":30,"type":"if","locations":[{"start":{"line":30,"column":8},"end":{"line":30,"column":8}},{"start":{"line":30,"column":8},"end":{"line":30,"column":8}}]},"4":{"line":40,"type":"if","locations":[{"start":{"line":40,"column":8},"end":{"line":40,"column":8}},{"start":{"line":40,"column":8},"end":{"line":40,"column":8}}]},"5":{"line":41,"type":"if","locations":[{"start":{"line":41,"column":8},"end":{"line":41,"column":8}},{"start":{"line":41,"column":8},"end":{"line":41,"column":8}}]},"6":{"line":42,"type":"if","locations":[{"start":{"line":42,"column":8},"end":{"line":42,"column":8}},{"start":{"line":42,"column":8},"end":{"line":42,"column":8}}]},"7":{"line":48,"type":"if","locations":[{"start":{"line":48,"column":8},"end":{"line":48,"column":8}},{"start":{"line":48,"column":8},"end":{"line":48,"column":8}}]},"8":{"line":49,"type":"if","locations":[{"start":{"line":49,"column":8},"end":{"line":49,"column":8}},{"start":{"line":49,"column":8},"end":{"line":49,"column":8}}]},"9":{"line":51,"type":"if","locations":[{"start":{"line":51,"column":8},"end":{"line":51,"column":8}},{"start":{"line":51,"column":8},"end":{"line":51,"column":8}}]}}},
"contracts/Lock.sol":{"l":{"14":4,"19":3,"20":3,"27":5,"28":4,"30":3,"32":3},"path":"/Users/wangguojun/Desktop/7500/hardhat-tutorial/v2.0/contracts/Lock.sol","s":{"1":4,"2":3,"3":3,"4":5,"5":4,"6":3,"7":3},"b":{"1":[3,1],"2":[4,1],"3":[3,1]},"f":{"1":4,"2":5},"fnMap":{"1":{"name":"constructor","line":13,"loc":{"start":{"line":13,"column":4},"end":{"line":21,"column":4}}},"2":{"name":"withdraw","line":23,"loc":{"start":{"line":23,"column":4},"end":{"line":33,"column":4}}}},"statementMap":{"1":{"start":{"line":14,"column":8},"end":{"line":14,"column":327}},"2":{"start":{"line":19,"column":8},"end":{"line":19,"column":31}},"3":{"start":{"line":20,"column":8},"end":{"line":20,"column":34}},"4":{"start":{"line":27,"column":8},"end":{"line":27,"column":71}},"5":{"start":{"line":28,"column":8},"end":{"line":28,"column":59}},"6":{"start":{"line":30,"column":8},"end":{"line":30,"column":63}},"7":{"start":{"line":32,"column":8},"end":{"line":32,"column":44}}},"branchMap":{"1":{"line":14,"type":"if","locations":[{"start":{"line":14,"column":8},"end":{"line":14,"column":8}},{"start":{"line":14,"column":8},"end":{"line":14,"column":8}}]},"2":{"line":27,"type":"if","locations":[{"start":{"line":27,"column":8},"end":{"line":27,"column":8}},{"start":{"line":27,"column":8},"end":{"line":27,"column":8}}]},"3":{"line":28,"type":"if","locations":[{"start":{"line":28,"column":8},"end":{"line":28,"column":8}},{"start":{"line":28,"column":8},"end":{"line":28,"column":8}}]}}},
"contracts/NFTDutchAuction.sol":{"l":{"32":3,"33":3,"34":3,"35":3,"36":3,"37":3,"38":3,"39":3,"48":0,"49":0,"50":0,"51":0,"52":0,"53":0,"54":0,"58":39,"59":38,"60":36,"61":8,"62":8,"63":8,"64":8,"69":7,"70":4,"71":3,"72":3,"73":3,"74":3,"78":4,"79":3,"80":2,"81":2,"82":1,"83":1},"path":"/Users/wangguojun/Desktop/7500/hardhat-tutorial/v2.0/contracts/NFTDutchAuction.sol","s":{"1":3,"2":3,"3":3,"4":3,"5":3,"6":3,"7":3,"8":3,"9":0,"10":0,"11":0,"12":0,"13":0,"14":0,"15":0,"16":39,"17":38,"18":36,"19":8,"20":8,"21":8,"22":8,"23":7,"24":4,"25":3,"26":3,"27":3,"28":3,"29":4,"30":3,"31":2,"32":2,"33":1,"34":1},"b":{"1":[38,1],"2":[36,2],"3":[8,28],"4":[4,3],"5":[3,1],"6":[3,0],"7":[3,1],"8":[2,1],"9":[1,1]},"f":{"1":3,"2":0,"3":39,"4":7,"5":4},"fnMap":{"1":{"name":"constructor","line":31,"loc":{"start":{"line":26,"column":4},"end":{"line":41,"column":4}}},"2":{"name":"initialize","line":47,"loc":{"start":{"line":43,"column":4},"end":{"line":55,"column":4}}},"3":{"name":"bid","line":57,"loc":{"start":{"line":57,"column":4},"end":{"line":67,"column":4}}},"4":{"name":"finalize","line":68,"loc":{"start":{"line":68,"column":4},"end":{"line":75,"column":4}}},"5":{"name":"refund","line":77,"loc":{"start":{"line":77,"column":4},"end":{"line":84,"column":4}}}},"statementMap":{"1":{"start":{"line":32,"column":8},"end":{"line":32,"column":35}},"2":{"start":{"line":33,"column":8},"end":{"line":33,"column":50}},"3":{"start":{"line":34,"column":8},"end":{"line":34,"column":49}},"4":{"start":{"line":35,"column":8},"end":{"line":35,"column":41}},"5":{"start":{"line":36,"column":8},"end":{"line":36,"column":38}},"6":{"start":{"line":37,"column":8},"end":{"line":37,"column":31}},"7":{"start":{"line":38,"column":8},"end":{"line":38,"column":47}},"8":{"start":{"line":39,"column":8},"end":{"line":39,"column":43}},"9":{"start":{"line":48,"column":8},"end":{"line":48,"column":35}},"10":{"start":{"line":49,"column":8},"end":{"line":49,"column":50}},"11":{"start":{"line":50,"column":8},"end":{"line":50,"column":49}},"12":{"start":{"line":51,"column":8},"end":{"line":51,"column":41}},"13":{"start":{"line":52,"column":8},"end":{"line":52,"column":38}},"14":{"start":{"line":53,"column":8},"end":{"line":53,"column":31}},"15":{"start":{"line":54,"column":8},"end":{"line":54,"column":43}},"16":{"start":{"line":58,"column":8},"end":{"line":58,"column":59}},"17":{"start":{"line":59,"column":8},"end":{"line":59,"column":93}},"18":{"start":{"line":60,"column":8},"end":{"line":60,"column":165}},"19":{"start":{"line":61,"column":8},"end":{"line":61,"column":24}},"20":{"start":{"line":62,"column":8},"end":{"line":62,"column":42}},"21":{"start":{"line":63,"column":8},"end":{"line":63,"column":29}},"22":{"start":{"line":64,"column":8},"end":{"line":64,"column":28}},"23":{"start":{"line":69,"column":8},"end":{"line":69,"column":50}},"24":{"start":{"line":70,"column":8},"end":{"line":70,"column":55}},"25":{"start":{"line":71,"column":8},"end":{"line":71,"column":91}},"26":{"start":{"line":72,"column":8},"end":{"line":72,"column":23}},"27":{"start":{"line":73,"column":8},"end":{"line":73,"column":40}},"28":{"start":{"line":74,"column":8},"end":{"line":74,"column":66}},"29":{"start":{"line":78,"column":8},"end":{"line":78,"column":50}},"30":{"start":{"line":79,"column":8},"end":{"line":79,"column":53}},"31":{"start":{"line":80,"column":8},"end":{"line":80,"column":35}},"32":{"start":{"line":81,"column":8},"end":{"line":81,"column":66}},"33":{"start":{"line":82,"column":8},"end":{"line":82,"column":23}},"34":{"start":{"line":83,"column":8},"end":{"line":83,"column":43}}},"branchMap":{"1":{"line":58,"type":"if","locations":[{"start":{"line":58,"column":8},"end":{"line":58,"column":8}},{"start":{"line":58,"column":8},"end":{"line":58,"column":8}}]},"2":{"line":59,"type":"if","locations":[{"start":{"line":59,"column":8},"end":{"line":59,"column":8}},{"start":{"line":59,"column":8},"end":{"line":59,"column":8}}]},"3":{"line":60,"type":"if","locations":[{"start":{"line":60,"column":8},"end":{"line":60,"column":8}},{"start":{"line":60,"column":8},"end":{"line":60,"column":8}}]},"4":{"line":69,"type":"if","locations":[{"start":{"line":69,"column":8},"end":{"line":69,"column":8}},{"start":{"line":69,"column":8},"end":{"line":69,"column":8}}]},"5":{"line":70,"type":"if","locations":[{"start":{"line":70,"column":8},"end":{"line":70,"column":8}},{"start":{"line":70,"column":8},"end":{"line":70,"column":8}}]},"6":{"line":71,"type":"if","locations":[{"start":{"line":71,"column":8},"end":{"line":71,"column":8}},{"start":{"line":71,"column":8},"end":{"line":71,"column":8}}]},"7":{"line":78,"type":"if","locations":[{"start":{"line":78,"column":8},"end":{"line":78,"column":8}},{"start":{"line":78,"column":8},"end":{"line":78,"column":8}}]},"8":{"line":79,"type":"if","locations":[{"start":{"line":79,"column":8},"end":{"line":79,"column":8}},{"start":{"line":79,"column":8},"end":{"line":79,"column":8}}]},"9":{"line":81,"type":"if","locations":[{"start":{"line":81,"column":8},"end":{"line":81,"column":8}},{"start":{"line":81,"column":8},"end":{"line":81,"column":8}}]}}}}
