TN:
SF:/Users/wangguojun/Desktop/7500/hardhat-tutorial/contracts/BasicDutchAuction.sol
FN:19,constructor
FN:27,bid
FN:39,finalize
FN:47,refund
FN:56,getBlockNumber
FNF:5
FNH:4
FNDA:3,constructor
FNDA:39,bid
FNDA:7,finalize
FNDA:4,refund
FNDA:0,getBlockNumber
DA:20,3
DA:21,3
DA:22,3
DA:23,3
DA:24,3
DA:28,39
DA:29,38
DA:30,36
DA:31,8
DA:32,8
DA:33,8
DA:34,8
DA:40,7
DA:41,4
DA:42,3
DA:43,3
DA:44,3
DA:48,4
DA:49,3
DA:50,2
DA:51,2
DA:52,1
DA:53,1
DA:57,0
LF:24
LH:23
BRDA:28,1,0,38
BRDA:28,1,1,1
BRDA:29,2,0,36
BRDA:29,2,1,2
BRDA:30,3,0,8
BRDA:30,3,1,28
BRDA:40,4,0,4
BRDA:40,4,1,3
BRDA:41,5,0,3
BRDA:41,5,1,1
BRDA:42,6,0,3
BRDA:42,6,1,0
BRDA:48,7,0,3
BRDA:48,7,1,1
BRDA:49,8,0,2
BRDA:49,8,1,1
BRDA:51,9,0,1
BRDA:51,9,1,1
BRF:18
BRH:17
end_of_record
TN:
SF:/Users/wangguojun/Desktop/7500/hardhat-tutorial/contracts/Lock.sol
FN:13,constructor
FN:23,withdraw
FNF:2
FNH:2
FNDA:4,constructor
FNDA:5,withdraw
DA:14,4
DA:19,3
DA:20,3
DA:27,5
DA:28,4
DA:30,3
DA:32,3
LF:7
LH:7
BRDA:14,1,0,3
BRDA:14,1,1,1
BRDA:27,2,0,4
BRDA:27,2,1,1
BRDA:28,3,0,3
BRDA:28,3,1,1
BRF:6
BRH:6
end_of_record
